<?xml version="1.0" encoding="UTF-8"?>
<!-- Generated by org.testng.reporters.JUnitReportReporter -->
<testsuite hostname="DESKTOP-FNU3S60" failures="0" tests="1" name="Packages.Betway_catchdata" time="0.000" errors="0" timestamp="08 May 2020 03:25:19 GMT" skipped="0">
  <testcase classname="Packages.Betway_catchdata" name="sample" time="0.000"/>
</testsuite> <!-- Packages.Betway_catchdata -->
