<?xml version="1.0" encoding="UTF-8"?>
<!-- Generated by org.testng.reporters.JUnitReportReporter -->
<testsuite hostname="DESKTOP-FNU3S60" failures="0" tests="1" name="Packages.Betway_catchdata" time="23.970" errors="0" timestamp="2020-05-08T17:15:37 IST" skipped="0">
  <testcase classname="Packages.Betway_catchdata" name="sample" time="23.970"/>
  <system-out/>
</testsuite> <!-- Packages.Betway_catchdata -->
