<?xml version="1.0" encoding="UTF-8"?>
<!-- Generated by org.testng.reporters.JUnitReportReporter -->
<testsuite hostname="DESKTOP-FNU3S60" failures="0" tests="1" name="Packages.Excel" time="0.657" errors="0" timestamp="2020-05-09T17:24:20 IST" skipped="0">
  <testcase classname="Packages.Excel" name="read_write" time="0.657"/>
  <system-out/>
</testsuite> <!-- Packages.Excel -->
