<?xml version="1.0" encoding="UTF-8"?>
<!-- Generated by org.testng.reporters.JUnitReportReporter -->
<testsuite hostname="DESKTOP-FNU3S60" failures="0" tests="1" name="Packages.Betway_catchdata" time="8.340" errors="0" timestamp="2020-05-08T11:31:12 IST" skipped="0">
  <testcase classname="Packages.Betway_catchdata" name="sample" time="8.340"/>
  <system-out/>
</testsuite> <!-- Packages.Betway_catchdata -->
