<?xml version="1.0" encoding="UTF-8"?>
<!-- Generated by org.testng.reporters.JUnitReportReporter -->
<testsuite hostname="DESKTOP-FNU3S60" failures="0" tests="1" name="Packages.Betway_catchdata" time="33.937" errors="0" timestamp="2020-05-08T11:38:24 IST" skipped="0">
  <testcase classname="Packages.Betway_catchdata" name="sample" time="33.937"/>
  <system-out/>
</testsuite> <!-- Packages.Betway_catchdata -->
